2012/06/18 21:24:42 [error] [php] Undefined index: active (D:\xampp\htdocs\DEV_PROJECT\WEBCORE_V.0.2\CODE\themes\go\views\wCategory\menu-left.php:30)
Stack trace:
#0 D:\xampp\htdocs\DEV_PROJECT\WEBCORE_V.0.2\CODE\framework\web\widgets\CWidget.php(244): wCategory->renderFile()
#1 D:\xampp\htdocs\DEV_PROJECT\WEBCORE_V.0.2\CODE\protected\components\wCategory.php(56): wCategory->render()
#2 D:\xampp\htdocs\DEV_PROJECT\WEBCORE_V.0.2\CODE\framework\zii\widgets\CPortlet.php(95): wCategory->renderContent()
#3 D:\xampp\htdocs\DEV_PROJECT\WEBCORE_V.0.2\CODE\framework\web\CBaseController.php(174): wCategory->run()
#4 D:\xampp\htdocs\DEV_PROJECT\WEBCORE_V.0.2\CODE\themes\go\views\layouts\main.php(33): SiteController->widget()
#5 D:\xampp\htdocs\DEV_PROJECT\WEBCORE_V.0.2\CODE\framework\web\CBaseController.php(127): require()
#6 D:\xampp\htdocs\DEV_PROJECT\WEBCORE_V.0.2\CODE\framework\web\CBaseController.php(96): SiteController->renderInternal()
#7 D:\xampp\htdocs\DEV_PROJECT\WEBCORE_V.0.2\CODE\framework\web\CController.php(785): SiteController->renderFile()
#8 D:\xampp\htdocs\DEV_PROJECT\WEBCORE_V.0.2\CODE\protected\controllers\SiteController.php(63): SiteController->render()
#9 D:\xampp\htdocs\DEV_PROJECT\WEBCORE_V.0.2\CODE\framework\web\actions\CInlineAction.php(50): SiteController->actionHome()
#10 D:\xampp\htdocs\DEV_PROJECT\WEBCORE_V.0.2\CODE\framework\web\CController.php(309): CInlineAction->runWithParams()
#11 D:\xampp\htdocs\DEV_PROJECT\WEBCORE_V.0.2\CODE\framework\web\CController.php(287): SiteController->runAction()
#12 D:\xampp\htdocs\DEV_PROJECT\WEBCORE_V.0.2\CODE\framework\web\CController.php(266): SiteController->runActionWithFilters()
#13 D:\xampp\htdocs\DEV_PROJECT\WEBCORE_V.0.2\CODE\framework\web\CWebApplication.php(276): SiteController->run()
#14 D:\xampp\htdocs\DEV_PROJECT\WEBCORE_V.0.2\CODE\framework\web\CWebApplication.php(135): CWebApplication->runController()
#15 D:\xampp\htdocs\DEV_PROJECT\WEBCORE_V.0.2\CODE\framework\base\CApplication.php(162): CWebApplication->processRequest()
#16 D:\xampp\htdocs\DEV_PROJECT\WEBCORE_V.0.2\CODE\index.php(17): CWebApplication->run()
REQUEST_URI=/
in D:\xampp\htdocs\DEV_PROJECT\WEBCORE_V.0.2\CODE\themes\go\views\wCategory\menu-left.php (30)
in D:\xampp\htdocs\DEV_PROJECT\WEBCORE_V.0.2\CODE\protected\components\wCategory.php (56)
in D:\xampp\htdocs\DEV_PROJECT\WEBCORE_V.0.2\CODE\themes\go\views\layouts\main.php (33)
2012/06/18 21:34:06 [error] [php] Undefined variable: data (D:\xampp\htdocs\DEV_PROJECT\WEBCORE_V.0.2\CODE\protected\modules\admin\models\Support.php:224)
Stack trace:
#0 D:\xampp\htdocs\DEV_PROJECT\WEBCORE_V.0.2\CODE\framework\web\CBaseController.php(96): wSupport->renderInternal()
#1 D:\xampp\htdocs\DEV_PROJECT\WEBCORE_V.0.2\CODE\framework\web\widgets\CWidget.php(244): wSupport->renderFile()
#2 D:\xampp\htdocs\DEV_PROJECT\WEBCORE_V.0.2\CODE\protected\components\wSupport.php(20): wSupport->render()
#3 D:\xampp\htdocs\DEV_PROJECT\WEBCORE_V.0.2\CODE\framework\zii\widgets\CPortlet.php(95): wSupport->renderContent()
#4 D:\xampp\htdocs\DEV_PROJECT\WEBCORE_V.0.2\CODE\framework\web\CBaseController.php(174): wSupport->run()
#5 D:\xampp\htdocs\DEV_PROJECT\WEBCORE_V.0.2\CODE\themes\go\views\layouts\main.php(36): SiteController->widget()
#6 D:\xampp\htdocs\DEV_PROJECT\WEBCORE_V.0.2\CODE\framework\web\CBaseController.php(127): require()
#7 D:\xampp\htdocs\DEV_PROJECT\WEBCORE_V.0.2\CODE\framework\web\CBaseController.php(96): SiteController->renderInternal()
#8 D:\xampp\htdocs\DEV_PROJECT\WEBCORE_V.0.2\CODE\framework\web\CController.php(785): SiteController->renderFile()
#9 D:\xampp\htdocs\DEV_PROJECT\WEBCORE_V.0.2\CODE\protected\controllers\SiteController.php(63): SiteController->render()
#10 D:\xampp\htdocs\DEV_PROJECT\WEBCORE_V.0.2\CODE\framework\web\actions\CInlineAction.php(50): SiteController->actionHome()
#11 D:\xampp\htdocs\DEV_PROJECT\WEBCORE_V.0.2\CODE\framework\web\CController.php(309): CInlineAction->runWithParams()
#12 D:\xampp\htdocs\DEV_PROJECT\WEBCORE_V.0.2\CODE\framework\web\CController.php(287): SiteController->runAction()
#13 D:\xampp\htdocs\DEV_PROJECT\WEBCORE_V.0.2\CODE\framework\web\CController.php(266): SiteController->runActionWithFilters()
#14 D:\xampp\htdocs\DEV_PROJECT\WEBCORE_V.0.2\CODE\framework\web\CWebApplication.php(276): SiteController->run()
#15 D:\xampp\htdocs\DEV_PROJECT\WEBCORE_V.0.2\CODE\framework\web\CWebApplication.php(135): CWebApplication->runController()
#16 D:\xampp\htdocs\DEV_PROJECT\WEBCORE_V.0.2\CODE\framework\base\CApplication.php(162): CWebApplication->processRequest()
#17 D:\xampp\htdocs\DEV_PROJECT\WEBCORE_V.0.2\CODE\index.php(17): CWebApplication->run()
REQUEST_URI=/
in D:\xampp\htdocs\DEV_PROJECT\WEBCORE_V.0.2\CODE\protected\modules\admin\models\Support.php (224)
in D:\xampp\htdocs\DEV_PROJECT\WEBCORE_V.0.2\CODE\themes\go\views\wSupport\support.php (6)
in D:\xampp\htdocs\DEV_PROJECT\WEBCORE_V.0.2\CODE\protected\components\wSupport.php (20)
2012/06/18 21:35:22 [error] [exception.CHttpException.404] exception 'CHttpException' with message 'Không thể giải quyết yêu cầu "images/fav.png".' in D:\xampp\htdocs\DEV_PROJECT\WEBCORE_V.0.2\CODE\framework\web\CWebApplication.php:280
Stack trace:
#0 D:\xampp\htdocs\DEV_PROJECT\WEBCORE_V.0.2\CODE\framework\web\CWebApplication.php(135): CWebApplication->runController('images/fav.png')
#1 D:\xampp\htdocs\DEV_PROJECT\WEBCORE_V.0.2\CODE\framework\base\CApplication.php(162): CWebApplication->processRequest()
#2 D:\xampp\htdocs\DEV_PROJECT\WEBCORE_V.0.2\CODE\index.php(17): CApplication->run()
#3 {main}
REQUEST_URI=/images/fav.png
---
2012/06/18 21:35:27 [error] [exception.CHttpException.404] exception 'CHttpException' with message 'Không thể giải quyết yêu cầu "images/fav.png".' in D:\xampp\htdocs\DEV_PROJECT\WEBCORE_V.0.2\CODE\framework\web\CWebApplication.php:280
Stack trace:
#0 D:\xampp\htdocs\DEV_PROJECT\WEBCORE_V.0.2\CODE\framework\web\CWebApplication.php(135): CWebApplication->runController('images/fav.png')
#1 D:\xampp\htdocs\DEV_PROJECT\WEBCORE_V.0.2\CODE\framework\base\CApplication.php(162): CWebApplication->processRequest()
#2 D:\xampp\htdocs\DEV_PROJECT\WEBCORE_V.0.2\CODE\index.php(17): CApplication->run()
#3 {main}
REQUEST_URI=/images/fav.png
---
2012/06/18 21:35:32 [error] [exception.CHttpException.404] exception 'CHttpException' with message 'Không thể giải quyết yêu cầu "images/fav.png".' in D:\xampp\htdocs\DEV_PROJECT\WEBCORE_V.0.2\CODE\framework\web\CWebApplication.php:280
Stack trace:
#0 D:\xampp\htdocs\DEV_PROJECT\WEBCORE_V.0.2\CODE\framework\web\CWebApplication.php(135): CWebApplication->runController('images/fav.png')
#1 D:\xampp\htdocs\DEV_PROJECT\WEBCORE_V.0.2\CODE\framework\base\CApplication.php(162): CWebApplication->processRequest()
#2 D:\xampp\htdocs\DEV_PROJECT\WEBCORE_V.0.2\CODE\index.php(17): CApplication->run()
#3 {main}
REQUEST_URI=/images/fav.png
---
2012/06/18 23:03:15 [error] [php] Undefined variable: data (D:\xampp\htdocs\DEV_PROJECT\WEBCORE_V.0.2\CODE\themes\go\views\site\home.php:37)
Stack trace:
#0 D:\xampp\htdocs\DEV_PROJECT\WEBCORE_V.0.2\CODE\framework\web\CController.php(870): SiteController->renderFile()
#1 D:\xampp\htdocs\DEV_PROJECT\WEBCORE_V.0.2\CODE\framework\web\CController.php(783): SiteController->renderPartial()
#2 D:\xampp\htdocs\DEV_PROJECT\WEBCORE_V.0.2\CODE\protected\controllers\SiteController.php(61): SiteController->render()
#3 D:\xampp\htdocs\DEV_PROJECT\WEBCORE_V.0.2\CODE\framework\web\actions\CInlineAction.php(50): SiteController->actionHome()
#4 D:\xampp\htdocs\DEV_PROJECT\WEBCORE_V.0.2\CODE\framework\web\CController.php(309): CInlineAction->runWithParams()
#5 D:\xampp\htdocs\DEV_PROJECT\WEBCORE_V.0.2\CODE\framework\web\CController.php(287): SiteController->runAction()
#6 D:\xampp\htdocs\DEV_PROJECT\WEBCORE_V.0.2\CODE\framework\web\CController.php(266): SiteController->runActionWithFilters()
#7 D:\xampp\htdocs\DEV_PROJECT\WEBCORE_V.0.2\CODE\framework\web\CWebApplication.php(276): SiteController->run()
#8 D:\xampp\htdocs\DEV_PROJECT\WEBCORE_V.0.2\CODE\framework\web\CWebApplication.php(135): CWebApplication->runController()
#9 D:\xampp\htdocs\DEV_PROJECT\WEBCORE_V.0.2\CODE\framework\base\CApplication.php(162): CWebApplication->processRequest()
#10 D:\xampp\htdocs\DEV_PROJECT\WEBCORE_V.0.2\CODE\index.php(17): CWebApplication->run()
REQUEST_URI=/index.php?r=site/home
in D:\xampp\htdocs\DEV_PROJECT\WEBCORE_V.0.2\CODE\themes\go\views\site\home.php (37)
in D:\xampp\htdocs\DEV_PROJECT\WEBCORE_V.0.2\CODE\protected\controllers\SiteController.php (61)
in D:\xampp\htdocs\DEV_PROJECT\WEBCORE_V.0.2\CODE\index.php (17)
2012/06/18 23:03:49 [error] [php] Undefined variable: data (D:\xampp\htdocs\DEV_PROJECT\WEBCORE_V.0.2\CODE\themes\go\views\site\home.php:37)
Stack trace:
#0 D:\xampp\htdocs\DEV_PROJECT\WEBCORE_V.0.2\CODE\framework\web\CController.php(870): SiteController->renderFile()
#1 D:\xampp\htdocs\DEV_PROJECT\WEBCORE_V.0.2\CODE\framework\web\CController.php(783): SiteController->renderPartial()
#2 D:\xampp\htdocs\DEV_PROJECT\WEBCORE_V.0.2\CODE\protected\controllers\SiteController.php(61): SiteController->render()
#3 D:\xampp\htdocs\DEV_PROJECT\WEBCORE_V.0.2\CODE\framework\web\actions\CInlineAction.php(50): SiteController->actionHome()
#4 D:\xampp\htdocs\DEV_PROJECT\WEBCORE_V.0.2\CODE\framework\web\CController.php(309): CInlineAction->runWithParams()
#5 D:\xampp\htdocs\DEV_PROJECT\WEBCORE_V.0.2\CODE\framework\web\CController.php(287): SiteController->runAction()
#6 D:\xampp\htdocs\DEV_PROJECT\WEBCORE_V.0.2\CODE\framework\web\CController.php(266): SiteController->runActionWithFilters()
#7 D:\xampp\htdocs\DEV_PROJECT\WEBCORE_V.0.2\CODE\framework\web\CWebApplication.php(276): SiteController->run()
#8 D:\xampp\htdocs\DEV_PROJECT\WEBCORE_V.0.2\CODE\framework\web\CWebApplication.php(135): CWebApplication->runController()
#9 D:\xampp\htdocs\DEV_PROJECT\WEBCORE_V.0.2\CODE\framework\base\CApplication.php(162): CWebApplication->processRequest()
#10 D:\xampp\htdocs\DEV_PROJECT\WEBCORE_V.0.2\CODE\index.php(17): CWebApplication->run()
REQUEST_URI=/index.php?r=site/home
in D:\xampp\htdocs\DEV_PROJECT\WEBCORE_V.0.2\CODE\themes\go\views\site\home.php (37)
in D:\xampp\htdocs\DEV_PROJECT\WEBCORE_V.0.2\CODE\protected\controllers\SiteController.php (61)
in D:\xampp\htdocs\DEV_PROJECT\WEBCORE_V.0.2\CODE\index.php (17)
2012/06/18 23:09:36 [error] [php] Undefined index: w (D:\xampp\htdocs\DEV_PROJECT\WEBCORE_V.0.2\CODE\protected\modules\admin\models\Image.php:150)
Stack trace:
#0 D:\xampp\htdocs\DEV_PROJECT\WEBCORE_V.0.2\CODE\framework\web\CBaseController.php(127): require()
#1 D:\xampp\htdocs\DEV_PROJECT\WEBCORE_V.0.2\CODE\framework\web\CBaseController.php(96): SiteController->renderInternal()
#2 D:\xampp\htdocs\DEV_PROJECT\WEBCORE_V.0.2\CODE\framework\web\CController.php(870): SiteController->renderFile()
#3 D:\xampp\htdocs\DEV_PROJECT\WEBCORE_V.0.2\CODE\framework\web\CController.php(783): SiteController->renderPartial()
#4 D:\xampp\htdocs\DEV_PROJECT\WEBCORE_V.0.2\CODE\protected\controllers\SiteController.php(61): SiteController->render()
#5 D:\xampp\htdocs\DEV_PROJECT\WEBCORE_V.0.2\CODE\framework\web\actions\CInlineAction.php(50): SiteController->actionHome()
#6 D:\xampp\htdocs\DEV_PROJECT\WEBCORE_V.0.2\CODE\framework\web\CController.php(309): CInlineAction->runWithParams()
#7 D:\xampp\htdocs\DEV_PROJECT\WEBCORE_V.0.2\CODE\framework\web\CController.php(287): SiteController->runAction()
#8 D:\xampp\htdocs\DEV_PROJECT\WEBCORE_V.0.2\CODE\framework\web\CController.php(266): SiteController->runActionWithFilters()
#9 D:\xampp\htdocs\DEV_PROJECT\WEBCORE_V.0.2\CODE\framework\web\CWebApplication.php(276): SiteController->run()
#10 D:\xampp\htdocs\DEV_PROJECT\WEBCORE_V.0.2\CODE\framework\web\CWebApplication.php(135): CWebApplication->runController()
#11 D:\xampp\htdocs\DEV_PROJECT\WEBCORE_V.0.2\CODE\framework\base\CApplication.php(162): CWebApplication->processRequest()
#12 D:\xampp\htdocs\DEV_PROJECT\WEBCORE_V.0.2\CODE\index.php(17): CWebApplication->run()
REQUEST_URI=/index.php?r=site/home
in D:\xampp\htdocs\DEV_PROJECT\WEBCORE_V.0.2\CODE\protected\modules\admin\models\Image.php (150)
in D:\xampp\htdocs\DEV_PROJECT\WEBCORE_V.0.2\CODE\protected\modules\admin\models\News.php (128)
in D:\xampp\htdocs\DEV_PROJECT\WEBCORE_V.0.2\CODE\themes\go\views\site\home.php (37)
2012/06/18 23:36:55 [error] [exception.CHttpException.400] exception 'CHttpException' with message 'Trong nhóm StaticPagekhông tồn tại tham số cấu hình LIST_INTRO_LENGTH' in D:\xampp\htdocs\DEV_PROJECT\WEBCORE_V.0.2\CODE\protected\modules\admin\models\Setting.php:101
Stack trace:
#0 D:\xampp\htdocs\DEV_PROJECT\WEBCORE_V.0.2\CODE\themes\go\views\site\home.php(24): Setting::s('LIST_INTRO_LENG...', 'StaticPage')
#1 D:\xampp\htdocs\DEV_PROJECT\WEBCORE_V.0.2\CODE\framework\web\CBaseController.php(127): require('D:\xampp\htdocs...')
#2 D:\xampp\htdocs\DEV_PROJECT\WEBCORE_V.0.2\CODE\framework\web\CBaseController.php(96): CBaseController->renderInternal('D:\xampp\htdocs...', Array, true)
#3 D:\xampp\htdocs\DEV_PROJECT\WEBCORE_V.0.2\CODE\framework\web\CController.php(870): CBaseController->renderFile('D:\xampp\htdocs...', Array, true)
#4 D:\xampp\htdocs\DEV_PROJECT\WEBCORE_V.0.2\CODE\framework\web\CController.php(783): CController->renderPartial('home', Array, true)
#5 D:\xampp\htdocs\DEV_PROJECT\WEBCORE_V.0.2\CODE\protected\controllers\SiteController.php(64): CController->render('home', Array)
#6 D:\xampp\htdocs\DEV_PROJECT\WEBCORE_V.0.2\CODE\framework\web\actions\CInlineAction.php(50): SiteController->actionHome()
#7 D:\xampp\htdocs\DEV_PROJECT\WEBCORE_V.0.2\CODE\framework\web\CController.php(309): CInlineAction->runWithParams(Array)
#8 D:\xampp\htdocs\DEV_PROJECT\WEBCORE_V.0.2\CODE\framework\web\CController.php(287): CController->runAction(Object(CInlineAction))
#9 D:\xampp\htdocs\DEV_PROJECT\WEBCORE_V.0.2\CODE\framework\web\CController.php(266): CController->runActionWithFilters(Object(CInlineAction), Array)
#10 D:\xampp\htdocs\DEV_PROJECT\WEBCORE_V.0.2\CODE\framework\web\CWebApplication.php(276): CController->run('home')
#11 D:\xampp\htdocs\DEV_PROJECT\WEBCORE_V.0.2\CODE\framework\web\CWebApplication.php(135): CWebApplication->runController('site/home')
#12 D:\xampp\htdocs\DEV_PROJECT\WEBCORE_V.0.2\CODE\framework\base\CApplication.php(162): CWebApplication->processRequest()
#13 D:\xampp\htdocs\DEV_PROJECT\WEBCORE_V.0.2\CODE\index.php(17): CApplication->run()
#14 {main}
REQUEST_URI=/index.php?r=site/home
HTTP_REFERER=http://demo.vn/index.php?r=staticPage/view&cat_alias=nhom-trang-tinh-1&staticPage_alias=triet-ly-kinh-doanh
---
2012/06/18 23:37:38 [error] [exception.CHttpException.400] exception 'CHttpException' with message 'Trong nhóm StaticPagekhông tồn tại tham số cấu hình LIST_INTRO_LENGTH' in D:\xampp\htdocs\DEV_PROJECT\WEBCORE_V.0.2\CODE\protected\modules\admin\models\Setting.php:101
Stack trace:
#0 D:\xampp\htdocs\DEV_PROJECT\WEBCORE_V.0.2\CODE\themes\go\views\site\home.php(24): Setting::s('LIST_INTRO_LENG...', 'StaticPage')
#1 D:\xampp\htdocs\DEV_PROJECT\WEBCORE_V.0.2\CODE\framework\web\CBaseController.php(127): require('D:\xampp\htdocs...')
#2 D:\xampp\htdocs\DEV_PROJECT\WEBCORE_V.0.2\CODE\framework\web\CBaseController.php(96): CBaseController->renderInternal('D:\xampp\htdocs...', Array, true)
#3 D:\xampp\htdocs\DEV_PROJECT\WEBCORE_V.0.2\CODE\framework\web\CController.php(870): CBaseController->renderFile('D:\xampp\htdocs...', Array, true)
#4 D:\xampp\htdocs\DEV_PROJECT\WEBCORE_V.0.2\CODE\framework\web\CController.php(783): CController->renderPartial('home', Array, true)
#5 D:\xampp\htdocs\DEV_PROJECT\WEBCORE_V.0.2\CODE\protected\controllers\SiteController.php(64): CController->render('home', Array)
#6 D:\xampp\htdocs\DEV_PROJECT\WEBCORE_V.0.2\CODE\framework\web\actions\CInlineAction.php(50): SiteController->actionHome()
#7 D:\xampp\htdocs\DEV_PROJECT\WEBCORE_V.0.2\CODE\framework\web\CController.php(309): CInlineAction->runWithParams(Array)
#8 D:\xampp\htdocs\DEV_PROJECT\WEBCORE_V.0.2\CODE\framework\web\CController.php(287): CController->runAction(Object(CInlineAction))
#9 D:\xampp\htdocs\DEV_PROJECT\WEBCORE_V.0.2\CODE\framework\web\CController.php(266): CController->runActionWithFilters(Object(CInlineAction), Array)
#10 D:\xampp\htdocs\DEV_PROJECT\WEBCORE_V.0.2\CODE\framework\web\CWebApplication.php(276): CController->run('home')
#11 D:\xampp\htdocs\DEV_PROJECT\WEBCORE_V.0.2\CODE\framework\web\CWebApplication.php(135): CWebApplication->runController('site/home')
#12 D:\xampp\htdocs\DEV_PROJECT\WEBCORE_V.0.2\CODE\framework\base\CApplication.php(162): CWebApplication->processRequest()
#13 D:\xampp\htdocs\DEV_PROJECT\WEBCORE_V.0.2\CODE\index.php(17): CApplication->run()
#14 {main}
REQUEST_URI=/index.php?r=site/home
---
